<?xml version="1.0" encoding="UTF-8"?>
<testng-results skipped="0" failed="0" ignored="0" total="1" passed="1">
  <reporter-output>
  </reporter-output>
  <suite name="Default suite" duration-ms="38397" started-at="2019-12-23T03:15:51 IST" finished-at="2019-12-23T03:16:30 IST">
    <groups>
    </groups>
    <test name="Default test" duration-ms="38397" started-at="2019-12-23T03:15:51 IST" finished-at="2019-12-23T03:16:30 IST">
      <class name="com.crossover.e2e.GMailTest">
        <test-method status="PASS" signature="setUp()[pri:0, instance:null(com.crossover.e2e.GMailTest)]" name="setUp" is-config="true" duration-ms="4969" started-at="2019-12-23T03:15:51 IST" finished-at="2019-12-23T03:15:56 IST">
          <reporter-output>
          </reporter-output>
        </test-method> <!-- setUp -->
        <test-method status="PASS" signature="testSendEmail()[pri:0, instance:null(com.crossover.e2e.GMailTest)]" name="testSendEmail" duration-ms="31963" started-at="2019-12-23T03:15:56 IST" finished-at="2019-12-23T03:16:28 IST">
          <reporter-output>
          </reporter-output>
        </test-method> <!-- testSendEmail -->
        <test-method status="PASS" signature="tearDown()[pri:0, instance:null(com.crossover.e2e.GMailTest)]" name="tearDown" is-config="true" duration-ms="1407" started-at="2019-12-23T03:16:28 IST" finished-at="2019-12-23T03:16:30 IST">
          <reporter-output>
          </reporter-output>
        </test-method> <!-- tearDown -->
      </class> <!-- com.crossover.e2e.GMailTest -->
    </test> <!-- Default test -->
  </suite> <!-- Default suite -->
</testng-results>
